0 verbose cli /usr/local/bin/node /usr/local/bin/npm
1 info using npm@11.0.0
2 info using node@v22.12.0
3 silly config load:file:/usr/local/lib/node_modules/npm/npmrc
4 silly config load:file:/Users/vishumacm2/Desktop/demo-nppl/demo-of-projects/.npmrc
5 silly config load:file:/Users/vishumacm2/.npmrc
6 silly config load:file:/usr/local/etc/npmrc
7 verbose title npm install @calcom/embed-react
8 verbose argv "install" "@calcom/embed-react" "--cache" "./.npm-cache"
9 verbose logfile logs-max:10 dir:/Users/vishumacm2/Desktop/demo-nppl/demo-of-projects/.npm-cache/_logs/2026-06-28T13_15_52_329Z-
10 verbose logfile /Users/vishumacm2/Desktop/demo-nppl/demo-of-projects/.npm-cache/_logs/2026-06-28T13_15_52_329Z-debug-0.log
11 silly logfile done cleaning log files
12 silly packumentCache heap:2197815296 maxSize:549453824 maxEntrySize:274726912
13 silly idealTree buildDeps
14 silly fetch manifest @calcom/embed-react@*
15 silly packumentCache full:https://registry.npmjs.org/@calcom%2fembed-react cache-miss
16 verbose shrinkwrap failed to load node_modules/.package-lock.json out of date, updated: node_modules
17 http fetch GET 200 https://registry.npmjs.org/npm 325ms
18 http fetch GET 200 https://registry.npmjs.org/@calcom%2fembed-react 640ms (cache miss)
19 silly packumentCache full:https://registry.npmjs.org/@calcom%2fembed-react set size:undefined disposed:false
20 silly fetch manifest react@19.2.4
21 silly packumentCache full:https://registry.npmjs.org/react cache-miss
22 http fetch GET 200 https://registry.npmjs.org/react 362ms (cache miss)
23 silly packumentCache full:https://registry.npmjs.org/react set size:undefined disposed:false
24 silly fetch manifest react-dom@19.2.4
25 silly packumentCache full:https://registry.npmjs.org/react-dom cache-miss
26 http fetch GET 200 https://registry.npmjs.org/react-dom 365ms (cache miss)
27 silly packumentCache full:https://registry.npmjs.org/react-dom set size:undefined disposed:false
28 silly placeDep ROOT @calcom/embed-react@1.5.3 OK for: demo-of-projects@0.1.0 want: *
29 silly fetch manifest @calcom/embed-core@1.5.3
30 silly packumentCache full:https://registry.npmjs.org/@calcom%2fembed-core cache-miss
31 silly fetch manifest @calcom/embed-snippet@1.3.3
32 silly packumentCache full:https://registry.npmjs.org/@calcom%2fembed-snippet cache-miss
33 http fetch GET 200 https://registry.npmjs.org/@calcom%2fembed-snippet 59ms (cache miss)
34 silly packumentCache full:https://registry.npmjs.org/@calcom%2fembed-snippet set size:undefined disposed:false
35 http fetch GET 200 https://registry.npmjs.org/@calcom%2fembed-core 69ms (cache miss)
36 silly packumentCache full:https://registry.npmjs.org/@calcom%2fembed-core set size:undefined disposed:false
37 silly placeDep ROOT @calcom/embed-core@1.5.3 OK for: @calcom/embed-react@1.5.3 want: 1.5.3
38 silly placeDep ROOT @calcom/embed-snippet@1.3.3 OK for: @calcom/embed-react@1.5.3 want: 1.3.3
39 warn EBADENGINE Unsupported engine {
39 warn EBADENGINE   package: 'eslint-visitor-keys@5.0.1',
39 warn EBADENGINE   required: { node: '^20.19.0 || ^22.13.0 || >=24' },
39 warn EBADENGINE   current: { node: 'v22.12.0', npm: '11.0.0' }
39 warn EBADENGINE }
40 silly reify moves {}
41 verbose reify failed optional dependency /Users/vishumacm2/Desktop/demo-nppl/demo-of-projects/node_modules/@tailwindcss/oxide-wasm32-wasi
42 silly reify mark deleted [
42 silly reify   '/Users/vishumacm2/Desktop/demo-nppl/demo-of-projects/node_modules/@tailwindcss/oxide-wasm32-wasi'
42 silly reify ]
43 silly audit bulk request {
43 silly audit   '@alloc/quick-lru': [ '5.2.0' ],
43 silly audit   '@babel/code-frame': [ '7.29.7' ],
43 silly audit   '@babel/compat-data': [ '7.29.7' ],
43 silly audit   '@babel/core': [ '7.29.7' ],
43 silly audit   '@babel/generator': [ '7.29.7' ],
43 silly audit   '@babel/helper-compilation-targets': [ '7.29.7' ],
43 silly audit   '@babel/helper-globals': [ '7.29.7' ],
43 silly audit   '@babel/helper-module-imports': [ '7.29.7' ],
43 silly audit   '@babel/helper-module-transforms': [ '7.29.7' ],
43 silly audit   '@babel/helper-string-parser': [ '7.29.7' ],
43 silly audit   '@babel/helper-validator-identifier': [ '7.29.7' ],
43 silly audit   '@babel/helper-validator-option': [ '7.29.7' ],
43 silly audit   '@babel/helpers': [ '7.29.7' ],
43 silly audit   '@babel/parser': [ '7.29.7' ],
43 silly audit   '@babel/template': [ '7.29.7' ],
43 silly audit   '@babel/traverse': [ '7.29.7' ],
43 silly audit   '@babel/types': [ '7.29.7' ],
43 silly audit   '@emnapi/core': [ '1.10.0' ],
43 silly audit   '@emnapi/runtime': [ '1.11.1', '1.10.0' ],
43 silly audit   '@emnapi/wasi-threads': [ '1.2.1' ],
43 silly audit   '@eslint-community/eslint-utils': [ '4.9.1' ],
43 silly audit   'eslint-visitor-keys': [ '3.4.3', '5.0.1', '4.2.1' ],
43 silly audit   '@eslint-community/regexpp': [ '4.12.2' ],
43 silly audit   '@eslint/config-array': [ '0.21.2' ],
43 silly audit   '@eslint/config-helpers': [ '0.4.2' ],
43 silly audit   '@eslint/core': [ '0.17.0' ],
43 silly audit   '@eslint/eslintrc': [ '3.3.5' ],
43 silly audit   '@eslint/js': [ '9.39.4' ],
43 silly audit   '@eslint/object-schema': [ '2.1.7' ],
43 silly audit   '@eslint/plugin-kit': [ '0.4.1' ],
43 silly audit   '@humanfs/core': [ '0.19.2' ],
43 silly audit   '@humanfs/node': [ '0.16.8' ],
43 silly audit   '@humanfs/types': [ '0.15.0' ],
43 silly audit   '@humanwhocodes/module-importer': [ '1.0.1' ],
43 silly audit   '@humanwhocodes/retry': [ '0.4.3' ],
43 silly audit   '@img/colour': [ '1.1.0' ],
43 silly audit   '@img/sharp-darwin-arm64': [ '0.34.5' ],
43 silly audit   '@img/sharp-darwin-x64': [ '0.34.5' ],
43 silly audit   '@img/sharp-libvips-darwin-arm64': [ '1.2.4' ],
43 silly audit   '@img/sharp-libvips-darwin-x64': [ '1.2.4' ],
43 silly audit   '@img/sharp-libvips-linux-arm': [ '1.2.4' ],
43 silly audit   '@img/sharp-libvips-linux-arm64': [ '1.2.4' ],
43 silly audit   '@img/sharp-libvips-linux-ppc64': [ '1.2.4' ],
43 silly audit   '@img/sharp-libvips-linux-riscv64': [ '1.2.4' ],
43 silly audit   '@img/sharp-libvips-linux-s390x': [ '1.2.4' ],
43 silly audit   '@img/sharp-libvips-linux-x64': [ '1.2.4' ],
43 silly audit   '@img/sharp-libvips-linuxmusl-arm64': [ '1.2.4' ],
43 silly audit   '@img/sharp-libvips-linuxmusl-x64': [ '1.2.4' ],
43 silly audit   '@img/sharp-linux-arm': [ '0.34.5' ],
43 silly audit   '@img/sharp-linux-arm64': [ '0.34.5' ],
43 silly audit   '@img/sharp-linux-ppc64': [ '0.34.5' ],
43 silly audit   '@img/sharp-linux-riscv64': [ '0.34.5' ],
43 silly audit   '@img/sharp-linux-s390x': [ '0.34.5' ],
43 silly audit   '@img/sharp-linux-x64': [ '0.34.5' ],
43 silly audit   '@img/sharp-linuxmusl-arm64': [ '0.34.5' ],
43 silly audit   '@img/sharp-linuxmusl-x64': [ '0.34.5' ],
43 silly audit   '@img/sharp-wasm32': [ '0.34.5' ],
43 silly audit   '@img/sharp-win32-arm64': [ '0.34.5' ],
43 silly audit   '@img/sharp-win32-ia32': [ '0.34.5' ],
43 silly audit   '@img/sharp-win32-x64': [ '0.34.5' ],
43 silly audit   '@jridgewell/gen-mapping': [ '0.3.13' ],
43 silly audit   '@jridgewell/remapping': [ '2.3.5' ],
43 silly audit   '@jridgewell/resolve-uri': [ '3.1.2' ],
43 silly audit   '@jridgewell/sourcemap-codec': [ '1.5.5' ],
43 silly audit   '@jridgewell/trace-mapping': [ '0.3.31' ],
43 silly audit   '@napi-rs/wasm-runtime': [ '1.1.6' ],
43 silly audit   '@next/env': [ '16.2.9' ],
43 silly audit   '@next/eslint-plugin-next': [ '16.2.9' ],
43 silly audit   '@next/swc-darwin-arm64': [ '16.2.9' ],
43 silly audit   '@next/swc-darwin-x64': [ '16.2.9' ],
43 silly audit   '@next/swc-linux-arm64-gnu': [ '16.2.9' ],
43 silly audit   '@next/swc-linux-arm64-musl': [ '16.2.9' ],
43 silly audit   '@next/swc-linux-x64-gnu': [ '16.2.9' ],
43 silly audit   '@next/swc-linux-x64-musl': [ '16.2.9' ],
43 silly audit   '@next/swc-win32-arm64-msvc': [ '16.2.9' ],
43 silly audit   '@next/swc-win32-x64-msvc': [ '16.2.9' ],
43 silly audit   '@nodelib/fs.scandir': [ '2.1.5' ],
43 silly audit   '@nodelib/fs.stat': [ '2.0.5' ],
43 silly audit   '@nodelib/fs.walk': [ '1.2.8' ],
43 silly audit   '@nolyfill/is-core-module': [ '1.0.39' ],
43 silly audit   '@rtsao/scc': [ '1.1.0' ],
43 silly audit   '@swc/helpers': [ '0.5.15' ],
43 silly audit   '@tailwindcss/node': [ '4.3.1' ],
43 silly audit   '@tailwindcss/oxide': [ '4.3.1' ],
43 silly audit   '@tailwindcss/oxide-android-arm64': [ '4.3.1' ],
43 silly audit   '@tailwindcss/oxide-darwin-arm64': [ '4.3.1' ],
43 silly audit   '@tailwindcss/oxide-darwin-x64': [ '4.3.1' ],
43 silly audit   '@tailwindcss/oxide-freebsd-x64': [ '4.3.1' ],
43 silly audit   '@tailwindcss/oxide-linux-arm-gnueabihf': [ '4.3.1' ],
43 silly audit   '@tailwindcss/oxide-linux-arm64-gnu': [ '4.3.1' ],
43 silly audit   '@tailwindcss/oxide-linux-arm64-musl': [ '4.3.1' ],
43 silly audit   '@tailwindcss/oxide-linux-x64-gnu': [ '4.3.1' ],
43 silly audit   '@tailwindcss/oxide-linux-x64-musl': [ '4.3.1' ],
43 silly audit   '@tailwindcss/oxide-win32-arm64-msvc': [ '4.3.1' ],
43 silly audit   '@tailwindcss/oxide-win32-x64-msvc': [ '4.3.1' ],
43 silly audit   '@tailwindcss/postcss': [ '4.3.1' ],
43 silly audit   '@tybys/wasm-util': [ '0.10.3' ],
43 silly audit   '@types/estree': [ '1.0.9' ],
43 silly audit   '@types/json-schema': [ '7.0.15' ],
43 silly audit   '@types/json5': [ '0.0.29' ],
43 silly audit   '@types/node': [ '20.19.43' ],
43 silly audit   '@types/react': [ '19.2.17' ],
43 silly audit   '@types/react-dom': [ '19.2.3' ],
43 silly audit   '@typescript-eslint/eslint-plugin': [ '8.62.0' ],
43 silly audit   ignore: [ '7.0.5', '5.3.2' ],
43 silly audit   '@typescript-eslint/parser': [ '8.62.0' ],
43 silly audit   '@typescript-eslint/project-service': [ '8.62.0' ],
43 silly audit   '@typescript-eslint/scope-manager': [ '8.62.0' ],
43 silly audit   '@typescript-eslint/tsconfig-utils': [ '8.62.0' ],
43 silly audit   '@typescript-eslint/type-utils': [ '8.62.0' ],
43 silly audit   '@typescript-eslint/types': [ '8.62.0' ],
43 silly audit   '@typescript-eslint/typescript-estree': [ '8.62.0' ],
43 silly audit   'balanced-match': [ '4.0.4', '1.0.2' ],
43 silly audit   'brace-expansion': [ '5.0.6', '1.1.15' ],
43 silly audit   minimatch: [ '10.2.5', '3.1.5' ],
43 silly audit   semver: [ '7.8.5', '6.3.1' ],
43 silly audit   '@typescript-eslint/utils': [ '8.62.0' ],
43 silly audit   '@typescript-eslint/visitor-keys': [ '8.62.0' ],
43 silly audit   '@unrs/resolver-binding-android-arm-eabi': [ '1.12.2' ],
43 silly audit   '@unrs/resolver-binding-android-arm64': [ '1.12.2' ],
43 silly audit   '@unrs/resolver-binding-darwin-arm64': [ '1.12.2' ],
43 silly audit   '@unrs/resolver-binding-darwin-x64': [ '1.12.2' ],
43 silly audit   '@unrs/resolver-binding-freebsd-x64': [ '1.12.2' ],
43 silly audit   '@unrs/resolver-binding-linux-arm-gnueabihf': [ '1.12.2' ],
43 silly audit   '@unrs/resolver-binding-linux-arm-musleabihf': [ '1.12.2' ],
43 silly audit   '@unrs/resolver-binding-linux-arm64-gnu': [ '1.12.2' ],
43 silly audit   '@unrs/resolver-binding-linux-arm64-musl': [ '1.12.2' ],
43 silly audit   '@unrs/resolver-binding-linux-loong64-gnu': [ '1.12.2' ],
43 silly audit   '@unrs/resolver-binding-linux-loong64-musl': [ '1.12.2' ],
43 silly audit   '@unrs/resolver-binding-linux-ppc64-gnu': [ '1.12.2' ],
43 silly audit   '@unrs/resolver-binding-linux-riscv64-gnu': [ '1.12.2' ],
43 silly audit   '@unrs/resolver-binding-linux-riscv64-musl': [ '1.12.2' ],
43 silly audit   '@unrs/resolver-binding-linux-s390x-gnu': [ '1.12.2' ],
43 silly audit   '@unrs/resolver-binding-linux-x64-gnu': [ '1.12.2' ],
43 silly audit   '@unrs/resolver-binding-linux-x64-musl': [ '1.12.2' ],
43 silly audit   '@unrs/resolver-binding-openharmony-arm64': [ '1.12.2' ],
43 silly audit   '@unrs/resolver-binding-wasm32-wasi': [ '1.12.2' ],
43 silly audit   '@unrs/resolver-binding-win32-arm64-msvc': [ '1.12.2' ],
43 silly audit   '@unrs/resolver-binding-win32-ia32-msvc': [ '1.12.2' ],
43 silly audit   '@unrs/resolver-binding-win32-x64-msvc': [ '1.12.2' ],
43 silly audit   '@vercel/analytics': [ '2.0.1' ],
43 silly audit   acorn: [ '8.17.0' ],
43 silly audit   'acorn-jsx': [ '5.3.2' ],
43 silly audit   ajv: [ '6.15.0' ],
43 silly audit   'ansi-styles': [ '4.3.0' ],
43 silly audit   argparse: [ '2.0.1' ],
43 silly audit   'aria-query': [ '5.3.2' ],
43 silly audit   'array-buffer-byte-length': [ '1.0.2' ],
43 silly audit   'array-includes': [ '3.1.9' ],
43 silly audit   'array.prototype.findlast': [ '1.2.5' ],
43 silly audit   'array.prototype.findlastindex': [ '1.2.6' ],
43 silly audit   'array.prototype.flat': [ '1.3.3' ],
43 silly audit   'array.prototype.flatmap': [ '1.3.3' ],
43 silly audit   'array.prototype.tosorted': [ '1.1.4' ],
43 silly audit   'arraybuffer.prototype.slice': [ '1.0.4' ],
43 silly audit   'ast-types-flow': [ '0.0.8' ],
43 silly audit   'async-function': [ '1.0.0' ],
43 silly audit   'available-typed-arrays': [ '1.0.7' ],
43 silly audit   'axe-core': [ '4.12.1' ],
43 silly audit   'axobject-query': [ '4.1.0' ],
43 silly audit   'baseline-browser-mapping': [ '2.10.40' ],
43 silly audit   braces: [ '3.0.3' ],
43 silly audit   browserslist: [ '4.28.4' ],
43 silly audit   'call-bind': [ '1.0.9' ],
43 silly audit   'call-bind-apply-helpers': [ '1.0.2' ],
43 silly audit   'call-bound': [ '1.0.4' ],
43 silly audit   callsites: [ '3.1.0' ],
43 silly audit   'caniuse-lite': [ '1.0.30001799' ],
43 silly audit   chalk: [ '4.1.2' ],
43 silly audit   'client-only': [ '0.0.1' ],
43 silly audit   'color-convert': [ '2.0.1' ],
43 silly audit   'color-name': [ '1.1.4' ],
43 silly audit   'concat-map': [ '0.0.1' ],
43 silly audit   'convert-source-map': [ '2.0.0' ],
43 silly audit   'cross-spawn': [ '7.0.6' ],
43 silly audit   csstype: [ '3.2.3' ],
43 silly audit   'damerau-levenshtein': [ '1.0.8' ],
43 silly audit   'data-view-buffer': [ '1.0.2' ],
43 silly audit   'data-view-byte-length': [ '1.0.2' ],
43 silly audit   'data-view-byte-offset': [ '1.0.1' ],
43 silly audit   debug: [ '4.4.3', '3.2.7' ],
43 silly audit   'deep-is': [ '0.1.4' ],
43 silly audit   'define-data-property': [ '1.1.4' ],
43 silly audit   'define-properties': [ '1.2.1' ],
43 silly audit   'detect-libc': [ '2.1.2' ],
43 silly audit   doctrine: [ '2.1.0' ],
43 silly audit   'dunder-proto': [ '1.0.1' ],
43 silly audit   'electron-to-chromium': [ '1.5.380' ],
43 silly audit   'emoji-regex': [ '9.2.2' ],
43 silly audit   'enhanced-resolve': [ '5.21.6' ],
43 silly audit   'es-abstract': [ '1.24.2' ],
43 silly audit   'es-abstract-get': [ '1.0.0' ],
43 silly audit   'es-define-property': [ '1.0.1' ],
43 silly audit   'es-errors': [ '1.3.0' ],
43 silly audit   'es-iterator-helpers': [ '1.3.3' ],
43 silly audit   'es-object-atoms': [ '1.1.2' ],
43 silly audit   'es-set-tostringtag': [ '2.1.0' ],
43 silly audit   'es-shim-unscopables': [ '1.1.0' ],
43 silly audit   'es-to-primitive': [ '1.3.4' ],
43 silly audit   escalade: [ '3.2.0' ],
43 silly audit   'escape-string-regexp': [ '4.0.0' ],
43 silly audit   eslint: [ '9.39.4' ],
43 silly audit   'eslint-config-next': [ '16.2.9' ],
43 silly audit   globals: [ '16.4.0', '14.0.0' ],
43 silly audit   'eslint-import-resolver-node': [ '0.3.10' ],
43 silly audit   'eslint-import-resolver-typescript': [ '3.10.1' ],
43 silly audit   'eslint-module-utils': [ '2.13.0' ],
43 silly audit   'eslint-plugin-import': [ '2.32.0' ],
43 silly audit   'eslint-plugin-jsx-a11y': [ '6.10.2' ],
43 silly audit   'eslint-plugin-react': [ '7.37.5' ],
43 silly audit   'eslint-plugin-react-hooks': [ '7.1.1' ],
43 silly audit   'eslint-scope': [ '8.4.0' ],
43 silly audit   espree: [ '10.4.0' ],
43 silly audit   esquery: [ '1.7.0' ],
43 silly audit   esrecurse: [ '4.3.0' ],
43 silly audit   estraverse: [ '5.3.0' ],
43 silly audit   esutils: [ '2.0.3' ],
43 silly audit   'fast-deep-equal': [ '3.1.3' ],
43 silly audit   'fast-glob': [ '3.3.1' ],
43 silly audit   'glob-parent': [ '5.1.2', '6.0.2' ],
43 silly audit   'fast-json-stable-stringify': [ '2.1.0' ],
43 silly audit   'fast-levenshtein': [ '2.0.6' ],
43 silly audit   fastq: [ '1.20.1' ],
43 silly audit   'file-entry-cache': [ '8.0.0' ],
43 silly audit   'fill-range': [ '7.1.1' ],
43 silly audit   'find-up': [ '5.0.0' ],
43 silly audit   'flat-cache': [ '4.0.1' ],
43 silly audit   flatted: [ '3.4.2' ],
43 silly audit   'for-each': [ '0.3.5' ],
43 silly audit   'function-bind': [ '1.1.2' ],
43 silly audit   'function.prototype.name': [ '1.2.0' ],
43 silly audit   'functions-have-names': [ '1.2.3' ],
43 silly audit   'generator-function': [ '2.0.1' ],
43 silly audit   gensync: [ '1.0.0-beta.2' ],
43 silly audit   'get-intrinsic': [ '1.3.0' ],
43 silly audit   'get-proto': [ '1.0.1' ],
43 silly audit   'get-symbol-description': [ '1.1.0' ],
43 silly audit   'get-tsconfig': [ '4.14.0' ],
43 silly audit   globalthis: [ '1.0.4' ],
43 silly audit   gopd: [ '1.2.0' ],
43 silly audit   'graceful-fs': [ '4.2.11' ],
43 silly audit   'has-bigints': [ '1.1.0' ],
43 silly audit   'has-flag': [ '4.0.0' ],
43 silly audit   'has-property-descriptors': [ '1.0.2' ],
43 silly audit   'has-proto': [ '1.2.0' ],
43 silly audit   'has-symbols': [ '1.1.0' ],
43 silly audit   'has-tostringtag': [ '1.0.2' ],
43 silly audit   hasown: [ '2.0.4' ],
43 silly audit   'hermes-estree': [ '0.25.1' ],
43 silly audit   'hermes-parser': [ '0.25.1' ],
43 silly audit   'import-fresh': [ '3.3.1' ],
43 silly audit   imurmurhash: [ '0.1.4' ],
43 silly audit   'internal-slot': [ '1.1.0' ],
43 silly audit   'is-array-buffer': [ '3.0.5' ],
43 silly audit   'is-async-function': [ '2.1.1' ],
43 silly audit   'is-bigint': [ '1.1.0' ],
43 silly audit   'is-boolean-object': [ '1.2.2' ],
43 silly audit   'is-bun-module': [ '2.0.0' ],
43 silly audit   'is-callable': [ '1.2.7' ],
43 silly audit   'is-core-module': [ '2.16.2' ],
43 silly audit   'is-data-view': [ '1.0.2' ],
43 silly audit   'is-date-object': [ '1.1.0' ],
43 silly audit   'is-document.all': [ '1.0.0' ],
43 silly audit   'is-extglob': [ '2.1.1' ],
43 silly audit   'is-finalizationregistry': [ '1.1.1' ],
43 silly audit   'is-generator-function': [ '1.1.2' ],
43 silly audit   'is-glob': [ '4.0.3' ],
43 silly audit   'is-map': [ '2.0.3' ],
43 silly audit   'is-negative-zero': [ '2.0.3' ],
43 silly audit   'is-number': [ '7.0.0' ],
43 silly audit   'is-number-object': [ '1.1.1' ],
43 silly audit   'is-regex': [ '1.2.1' ],
43 silly audit   'is-set': [ '2.0.3' ],
43 silly audit   'is-shared-array-buffer': [ '1.0.4' ],
43 silly audit   'is-string': [ '1.1.1' ],
43 silly audit   'is-symbol': [ '1.1.1' ],
43 silly audit   'is-typed-array': [ '1.1.15' ],
43 silly audit   'is-weakmap': [ '2.0.2' ],
43 silly audit   'is-weakref': [ '1.1.1' ],
43 silly audit   'is-weakset': [ '2.0.4' ],
43 silly audit   isarray: [ '2.0.5' ],
43 silly audit   isexe: [ '2.0.0' ],
43 silly audit   'iterator.prototype': [ '1.1.5' ],
43 silly audit   jiti: [ '2.7.0' ],
43 silly audit   'js-tokens': [ '4.0.0' ],
43 silly audit   'js-yaml': [ '4.3.0' ],
43 silly audit   jsesc: [ '3.1.0' ],
43 silly audit   'json-buffer': [ '3.0.1' ],
43 silly audit   'json-schema-traverse': [ '0.4.1' ],
43 silly audit   'json-stable-stringify-without-jsonify': [ '1.0.1' ],
43 silly audit   json5: [ '2.2.3', '1.0.2' ],
43 silly audit   'jsx-ast-utils': [ '3.3.5' ],
43 silly audit   keyv: [ '4.5.4' ],
43 silly audit   'language-subtag-registry': [ '0.3.23' ],
43 silly audit   'language-tags': [ '1.0.9' ],
43 silly audit   lenis: [ '1.3.25' ],
43 silly audit   levn: [ '0.4.1' ],
43 silly audit   lightningcss: [ '1.32.0' ],
43 silly audit   'lightningcss-android-arm64': [ '1.32.0' ],
43 silly audit   'lightningcss-darwin-arm64': [ '1.32.0' ],
43 silly audit   'lightningcss-darwin-x64': [ '1.32.0' ],
43 silly audit   'lightningcss-freebsd-x64': [ '1.32.0' ],
43 silly audit   'lightningcss-linux-arm-gnueabihf': [ '1.32.0' ],
43 silly audit   'lightningcss-linux-arm64-gnu': [ '1.32.0' ],
43 silly audit   'lightningcss-linux-arm64-musl': [ '1.32.0' ],
43 silly audit   'lightningcss-linux-x64-gnu': [ '1.32.0' ],
43 silly audit   'lightningcss-linux-x64-musl': [ '1.32.0' ],
43 silly audit   'lightningcss-win32-arm64-msvc': [ '1.32.0' ],
43 silly audit   'lightningcss-win32-x64-msvc': [ '1.32.0' ],
43 silly audit   'locate-path': [ '6.0.0' ],
43 silly audit   'lodash.merge': [ '4.6.2' ],
43 silly audit   'loose-envify': [ '1.4.0' ],
43 silly audit   'lru-cache': [ '5.1.1' ],
43 silly audit   'magic-string': [ '0.30.21' ],
43 silly audit   'math-intrinsics': [ '1.1.0' ],
43 silly audit   merge2: [ '1.4.1' ],
43 silly audit   micromatch: [ '4.0.8' ],
43 silly audit   minimist: [ '1.2.8' ],
43 silly audit   ms: [ '2.1.3' ],
43 silly audit   nanoid: [ '3.3.15' ],
43 silly audit   'napi-postinstall': [ '0.3.4' ],
43 silly audit   'natural-compare': [ '1.4.0' ],
43 silly audit   next: [ '16.2.9' ],
43 silly audit   postcss: [ '8.4.31', '8.5.15' ],
43 silly audit   'node-exports-info': [ '1.6.2' ],
43 silly audit   'node-releases': [ '2.0.50' ],
43 silly audit   'object-assign': [ '4.1.1' ],
43 silly audit   'object-inspect': [ '1.13.4' ],
43 silly audit   'object-keys': [ '1.1.1' ],
43 silly audit   'object.assign': [ '4.1.7' ],
43 silly audit   'object.entries': [ '1.1.9' ],
43 silly audit   'object.fromentries': [ '2.0.8' ],
43 silly audit   'object.groupby': [ '1.0.3' ],
43 silly audit   'object.values': [ '1.2.1' ],
43 silly audit   optionator: [ '0.9.4' ],
43 silly audit   'own-keys': [ '1.0.1' ],
43 silly audit   'p-limit': [ '3.1.0' ],
43 silly audit   'p-locate': [ '5.0.0' ],
43 silly audit   'parent-module': [ '1.0.1' ],
43 silly audit   'path-exists': [ '4.0.0' ],
43 silly audit   'path-key': [ '3.1.1' ],
43 silly audit   'path-parse': [ '1.0.7' ],
43 silly audit   picocolors: [ '1.1.1' ],
43 silly audit   picomatch: [ '2.3.2', '4.0.4' ],
43 silly audit   'possible-typed-array-names': [ '1.1.0' ],
43 silly audit   'prelude-ls': [ '1.2.1' ],
43 silly audit   'prop-types': [ '15.8.1' ],
43 silly audit   punycode: [ '2.3.1' ],
43 silly audit   'queue-microtask': [ '1.2.3' ],
43 silly audit   react: [ '19.2.4' ],
43 silly audit   'react-dom': [ '19.2.4' ],
43 silly audit   'react-is': [ '16.13.1' ],
43 silly audit   'reflect.getprototypeof': [ '1.0.10' ],
43 silly audit   'regexp.prototype.flags': [ '1.5.4' ],
43 silly audit   resolve: [ '2.0.0-next.7' ],
43 silly audit   'resolve-from': [ '4.0.0' ],
43 silly audit   'resolve-pkg-maps': [ '1.0.0' ],
43 silly audit   reusify: [ '1.1.0' ],
43 silly audit   'run-parallel': [ '1.2.0' ],
43 silly audit   'safe-array-concat': [ '1.1.4' ],
43 silly audit   'safe-push-apply': [ '1.0.0' ],
43 silly audit   'safe-regex-test': [ '1.1.0' ],
43 silly audit   scheduler: [ '0.27.0' ],
43 silly audit   'set-function-length': [ '1.2.2' ],
43 silly audit   'set-function-name': [ '2.0.2' ],
43 silly audit   'set-proto': [ '1.0.0' ],
43 silly audit   sharp: [ '0.34.5' ],
43 silly audit   'shebang-command': [ '2.0.0' ],
43 silly audit   'shebang-regex': [ '3.0.0' ],
43 silly audit   'side-channel': [ '1.1.1' ],
43 silly audit   'side-channel-list': [ '1.0.1' ],
43 silly audit   'side-channel-map': [ '1.0.1' ],
43 silly audit   'side-channel-weakmap': [ '1.0.2' ],
43 silly audit   'source-map-js': [ '1.2.1' ],
43 silly audit   'stable-hash': [ '0.0.5' ],
43 silly audit   'stop-iteration-iterator': [ '1.1.0' ],
43 silly audit   'string.prototype.includes': [ '2.0.1' ],
43 silly audit   'string.prototype.matchall': [ '4.0.12' ],
43 silly audit   'string.prototype.repeat': [ '1.0.0' ],
43 silly audit   'string.prototype.trim': [ '1.2.11' ],
43 silly audit   'string.prototype.trimend': [ '1.0.10' ],
43 silly audit   'string.prototype.trimstart': [ '1.0.8' ],
43 silly audit   'strip-bom': [ '3.0.0' ],
43 silly audit   'strip-json-comments': [ '3.1.1' ],
43 silly audit   'styled-jsx': [ '5.1.6' ],
43 silly audit   'supports-color': [ '7.2.0' ],
43 silly audit   'supports-preserve-symlinks-flag': [ '1.0.0' ],
43 silly audit   tailwindcss: [ '4.3.1' ],
43 silly audit   tapable: [ '2.3.3' ],
43 silly audit   tinyglobby: [ '0.2.17' ],
43 silly audit   fdir: [ '6.5.0' ],
43 silly audit   'to-regex-range': [ '5.0.1' ],
43 silly audit   'ts-api-utils': [ '2.5.0' ],
43 silly audit   'tsconfig-paths': [ '3.15.0' ],
43 silly audit   tslib: [ '2.8.1' ],
43 silly audit   'type-check': [ '0.4.0' ],
43 silly audit   'typed-array-buffer': [ '1.0.3' ],
43 silly audit   'typed-array-byte-length': [ '1.0.3' ],
43 silly audit   'typed-array-byte-offset': [ '1.0.4' ],
43 silly audit   'typed-array-length': [ '1.0.8' ],
43 silly audit   typescript: [ '5.9.3' ],
43 silly audit   'typescript-eslint': [ '8.62.0' ],
43 silly audit   'unbox-primitive': [ '1.1.0' ],
43 silly audit   'undici-types': [ '6.21.0' ],
43 silly audit   'unrs-resolver': [ '1.12.2' ],
43 silly audit   'update-browserslist-db': [ '1.2.3' ],
43 silly audit   'uri-js': [ '4.4.1' ],
43 silly audit   which: [ '2.0.2' ],
43 silly audit   'which-boxed-primitive': [ '1.1.1' ],
43 silly audit   'which-builtin-type': [ '1.2.1' ],
43 silly audit   'which-collection': [ '1.0.2' ],
43 silly audit   'which-typed-array': [ '1.1.22' ],
43 silly audit   'word-wrap': [ '1.2.5' ],
43 silly audit   yallist: [ '3.1.1' ],
43 silly audit   'yocto-queue': [ '0.1.0' ],
43 silly audit   zod: [ '4.4.3' ],
43 silly audit   'zod-validation-error': [ '4.0.2' ],
43 silly audit   '@calcom/embed-react': [ '1.5.3' ],
43 silly audit   '@calcom/embed-core': [ '1.5.3' ],
43 silly audit   '@calcom/embed-snippet': [ '1.3.3' ],
43 silly audit   '@tailwindcss/oxide-wasm32-wasi': [ '4.3.1' ]
43 silly audit }
44 verbose reify failed optional dependency /Users/vishumacm2/Desktop/demo-nppl/demo-of-projects/node_modules/lightningcss-win32-x64-msvc
45 silly reify mark deleted [
45 silly reify   '/Users/vishumacm2/Desktop/demo-nppl/demo-of-projects/node_modules/lightningcss-win32-x64-msvc'
45 silly reify ]
46 verbose reify failed optional dependency /Users/vishumacm2/Desktop/demo-nppl/demo-of-projects/node_modules/lightningcss-win32-arm64-msvc
47 silly reify mark deleted [
47 silly reify   '/Users/vishumacm2/Desktop/demo-nppl/demo-of-projects/node_modules/lightningcss-win32-arm64-msvc'
47 silly reify ]
48 verbose reify failed optional dependency /Users/vishumacm2/Desktop/demo-nppl/demo-of-projects/node_modules/lightningcss-linux-x64-musl
49 silly reify mark deleted [
49 silly reify   '/Users/vishumacm2/Desktop/demo-nppl/demo-of-projects/node_modules/lightningcss-linux-x64-musl'
49 silly reify ]
50 verbose reify failed optional dependency /Users/vishumacm2/Desktop/demo-nppl/demo-of-projects/node_modules/lightningcss-linux-x64-gnu
51 silly reify mark deleted [
51 silly reify   '/Users/vishumacm2/Desktop/demo-nppl/demo-of-projects/node_modules/lightningcss-linux-x64-gnu'
51 silly reify ]
52 verbose reify failed optional dependency /Users/vishumacm2/Desktop/demo-nppl/demo-of-projects/node_modules/lightningcss-linux-arm64-musl
53 silly reify mark deleted [
53 silly reify   '/Users/vishumacm2/Desktop/demo-nppl/demo-of-projects/node_modules/lightningcss-linux-arm64-musl'
53 silly reify ]
54 verbose reify failed optional dependency /Users/vishumacm2/Desktop/demo-nppl/demo-of-projects/node_modules/lightningcss-linux-arm64-gnu
55 silly reify mark deleted [
55 silly reify   '/Users/vishumacm2/Desktop/demo-nppl/demo-of-projects/node_modules/lightningcss-linux-arm64-gnu'
55 silly reify ]
56 verbose reify failed optional dependency /Users/vishumacm2/Desktop/demo-nppl/demo-of-projects/node_modules/lightningcss-linux-arm-gnueabihf
57 silly reify mark deleted [
57 silly reify   '/Users/vishumacm2/Desktop/demo-nppl/demo-of-projects/node_modules/lightningcss-linux-arm-gnueabihf'
57 silly reify ]
58 verbose reify failed optional dependency /Users/vishumacm2/Desktop/demo-nppl/demo-of-projects/node_modules/lightningcss-freebsd-x64
59 silly reify mark deleted [
59 silly reify   '/Users/vishumacm2/Desktop/demo-nppl/demo-of-projects/node_modules/lightningcss-freebsd-x64'
59 silly reify ]
60 verbose reify failed optional dependency /Users/vishumacm2/Desktop/demo-nppl/demo-of-projects/node_modules/lightningcss-darwin-x64
61 silly reify mark deleted [
61 silly reify   '/Users/vishumacm2/Desktop/demo-nppl/demo-of-projects/node_modules/lightningcss-darwin-x64'
61 silly reify ]
62 verbose reify failed optional dependency /Users/vishumacm2/Desktop/demo-nppl/demo-of-projects/node_modules/lightningcss-android-arm64
63 silly reify mark deleted [
63 silly reify   '/Users/vishumacm2/Desktop/demo-nppl/demo-of-projects/node_modules/lightningcss-android-arm64'
63 silly reify ]
64 verbose reify failed optional dependency /Users/vishumacm2/Desktop/demo-nppl/demo-of-projects/node_modules/@unrs/resolver-binding-win32-x64-msvc
65 silly reify mark deleted [
65 silly reify   '/Users/vishumacm2/Desktop/demo-nppl/demo-of-projects/node_modules/@unrs/resolver-binding-win32-x64-msvc'
65 silly reify ]
66 verbose reify failed optional dependency /Users/vishumacm2/Desktop/demo-nppl/demo-of-projects/node_modules/@unrs/resolver-binding-win32-ia32-msvc
67 silly reify mark deleted [
67 silly reify   '/Users/vishumacm2/Desktop/demo-nppl/demo-of-projects/node_modules/@unrs/resolver-binding-win32-ia32-msvc'
67 silly reify ]
68 verbose reify failed optional dependency /Users/vishumacm2/Desktop/demo-nppl/demo-of-projects/node_modules/@unrs/resolver-binding-win32-arm64-msvc
69 silly reify mark deleted [
69 silly reify   '/Users/vishumacm2/Desktop/demo-nppl/demo-of-projects/node_modules/@unrs/resolver-binding-win32-arm64-msvc'
69 silly reify ]
70 verbose reify failed optional dependency /Users/vishumacm2/Desktop/demo-nppl/demo-of-projects/node_modules/@unrs/resolver-binding-wasm32-wasi
71 silly reify mark deleted [
71 silly reify   '/Users/vishumacm2/Desktop/demo-nppl/demo-of-projects/node_modules/@unrs/resolver-binding-wasm32-wasi'
71 silly reify ]
72 verbose reify failed optional dependency /Users/vishumacm2/Desktop/demo-nppl/demo-of-projects/node_modules/@unrs/resolver-binding-wasm32-wasi/node_modules/@emnapi/runtime
73 silly reify mark deleted [
73 silly reify   '/Users/vishumacm2/Desktop/demo-nppl/demo-of-projects/node_modules/@unrs/resolver-binding-wasm32-wasi/node_modules/@emnapi/runtime'
73 silly reify ]
74 verbose reify failed optional dependency /Users/vishumacm2/Desktop/demo-nppl/demo-of-projects/node_modules/@unrs/resolver-binding-openharmony-arm64
75 silly reify mark deleted [
75 silly reify   '/Users/vishumacm2/Desktop/demo-nppl/demo-of-projects/node_modules/@unrs/resolver-binding-openharmony-arm64'
75 silly reify ]
76 verbose reify failed optional dependency /Users/vishumacm2/Desktop/demo-nppl/demo-of-projects/node_modules/@unrs/resolver-binding-linux-x64-musl
77 silly reify mark deleted [
77 silly reify   '/Users/vishumacm2/Desktop/demo-nppl/demo-of-projects/node_modules/@unrs/resolver-binding-linux-x64-musl'
77 silly reify ]
78 verbose reify failed optional dependency /Users/vishumacm2/Desktop/demo-nppl/demo-of-projects/node_modules/@unrs/resolver-binding-linux-x64-gnu
79 silly reify mark deleted [
79 silly reify   '/Users/vishumacm2/Desktop/demo-nppl/demo-of-projects/node_modules/@unrs/resolver-binding-linux-x64-gnu'
79 silly reify ]
80 verbose reify failed optional dependency /Users/vishumacm2/Desktop/demo-nppl/demo-of-projects/node_modules/@unrs/resolver-binding-linux-s390x-gnu
81 silly reify mark deleted [
81 silly reify   '/Users/vishumacm2/Desktop/demo-nppl/demo-of-projects/node_modules/@unrs/resolver-binding-linux-s390x-gnu'
81 silly reify ]
82 verbose reify failed optional dependency /Users/vishumacm2/Desktop/demo-nppl/demo-of-projects/node_modules/@unrs/resolver-binding-linux-riscv64-musl
83 silly reify mark deleted [
83 silly reify   '/Users/vishumacm2/Desktop/demo-nppl/demo-of-projects/node_modules/@unrs/resolver-binding-linux-riscv64-musl'
83 silly reify ]
84 verbose reify failed optional dependency /Users/vishumacm2/Desktop/demo-nppl/demo-of-projects/node_modules/@unrs/resolver-binding-linux-riscv64-gnu
85 silly reify mark deleted [
85 silly reify   '/Users/vishumacm2/Desktop/demo-nppl/demo-of-projects/node_modules/@unrs/resolver-binding-linux-riscv64-gnu'
85 silly reify ]
86 verbose reify failed optional dependency /Users/vishumacm2/Desktop/demo-nppl/demo-of-projects/node_modules/@unrs/resolver-binding-linux-ppc64-gnu
87 silly reify mark deleted [
87 silly reify   '/Users/vishumacm2/Desktop/demo-nppl/demo-of-projects/node_modules/@unrs/resolver-binding-linux-ppc64-gnu'
87 silly reify ]
88 verbose reify failed optional dependency /Users/vishumacm2/Desktop/demo-nppl/demo-of-projects/node_modules/@unrs/resolver-binding-linux-loong64-musl
89 silly reify mark deleted [
89 silly reify   '/Users/vishumacm2/Desktop/demo-nppl/demo-of-projects/node_modules/@unrs/resolver-binding-linux-loong64-musl'
89 silly reify ]
90 verbose reify failed optional dependency /Users/vishumacm2/Desktop/demo-nppl/demo-of-projects/node_modules/@unrs/resolver-binding-linux-loong64-gnu
91 silly reify mark deleted [
91 silly reify   '/Users/vishumacm2/Desktop/demo-nppl/demo-of-projects/node_modules/@unrs/resolver-binding-linux-loong64-gnu'
91 silly reify ]
92 verbose reify failed optional dependency /Users/vishumacm2/Desktop/demo-nppl/demo-of-projects/node_modules/@unrs/resolver-binding-linux-arm64-musl
93 silly reify mark deleted [
93 silly reify   '/Users/vishumacm2/Desktop/demo-nppl/demo-of-projects/node_modules/@unrs/resolver-binding-linux-arm64-musl'
93 silly reify ]
94 verbose reify failed optional dependency /Users/vishumacm2/Desktop/demo-nppl/demo-of-projects/node_modules/@unrs/resolver-binding-linux-arm64-gnu
95 silly reify mark deleted [
95 silly reify   '/Users/vishumacm2/Desktop/demo-nppl/demo-of-projects/node_modules/@unrs/resolver-binding-linux-arm64-gnu'
95 silly reify ]
96 verbose reify failed optional dependency /Users/vishumacm2/Desktop/demo-nppl/demo-of-projects/node_modules/@unrs/resolver-binding-linux-arm-musleabihf
97 silly reify mark deleted [
97 silly reify   '/Users/vishumacm2/Desktop/demo-nppl/demo-of-projects/node_modules/@unrs/resolver-binding-linux-arm-musleabihf'
97 silly reify ]
98 verbose reify failed optional dependency /Users/vishumacm2/Desktop/demo-nppl/demo-of-projects/node_modules/@unrs/resolver-binding-linux-arm-gnueabihf
99 silly reify mark deleted [
99 silly reify   '/Users/vishumacm2/Desktop/demo-nppl/demo-of-projects/node_modules/@unrs/resolver-binding-linux-arm-gnueabihf'
99 silly reify ]
100 verbose reify failed optional dependency /Users/vishumacm2/Desktop/demo-nppl/demo-of-projects/node_modules/@unrs/resolver-binding-freebsd-x64
101 silly reify mark deleted [
101 silly reify   '/Users/vishumacm2/Desktop/demo-nppl/demo-of-projects/node_modules/@unrs/resolver-binding-freebsd-x64'
101 silly reify ]
102 verbose reify failed optional dependency /Users/vishumacm2/Desktop/demo-nppl/demo-of-projects/node_modules/@unrs/resolver-binding-darwin-x64
103 silly reify mark deleted [
103 silly reify   '/Users/vishumacm2/Desktop/demo-nppl/demo-of-projects/node_modules/@unrs/resolver-binding-darwin-x64'
103 silly reify ]
104 verbose reify failed optional dependency /Users/vishumacm2/Desktop/demo-nppl/demo-of-projects/node_modules/@unrs/resolver-binding-android-arm64
105 silly reify mark deleted [
105 silly reify   '/Users/vishumacm2/Desktop/demo-nppl/demo-of-projects/node_modules/@unrs/resolver-binding-android-arm64'
105 silly reify ]
106 verbose reify failed optional dependency /Users/vishumacm2/Desktop/demo-nppl/demo-of-projects/node_modules/@unrs/resolver-binding-android-arm-eabi
107 silly reify mark deleted [
107 silly reify   '/Users/vishumacm2/Desktop/demo-nppl/demo-of-projects/node_modules/@unrs/resolver-binding-android-arm-eabi'
107 silly reify ]
108 verbose reify failed optional dependency /Users/vishumacm2/Desktop/demo-nppl/demo-of-projects/node_modules/@tailwindcss/oxide-win32-x64-msvc
109 silly reify mark deleted [
109 silly reify   '/Users/vishumacm2/Desktop/demo-nppl/demo-of-projects/node_modules/@tailwindcss/oxide-win32-x64-msvc'
109 silly reify ]
110 verbose reify failed optional dependency /Users/vishumacm2/Desktop/demo-nppl/demo-of-projects/node_modules/@tailwindcss/oxide-win32-arm64-msvc
111 silly reify mark deleted [
111 silly reify   '/Users/vishumacm2/Desktop/demo-nppl/demo-of-projects/node_modules/@tailwindcss/oxide-win32-arm64-msvc'
111 silly reify ]
112 verbose reify failed optional dependency /Users/vishumacm2/Desktop/demo-nppl/demo-of-projects/node_modules/@tailwindcss/oxide-linux-x64-musl
113 silly reify mark deleted [
113 silly reify   '/Users/vishumacm2/Desktop/demo-nppl/demo-of-projects/node_modules/@tailwindcss/oxide-linux-x64-musl'
113 silly reify ]
114 verbose reify failed optional dependency /Users/vishumacm2/Desktop/demo-nppl/demo-of-projects/node_modules/@tailwindcss/oxide-linux-x64-gnu
115 silly reify mark deleted [
115 silly reify   '/Users/vishumacm2/Desktop/demo-nppl/demo-of-projects/node_modules/@tailwindcss/oxide-linux-x64-gnu'
115 silly reify ]
116 verbose reify failed optional dependency /Users/vishumacm2/Desktop/demo-nppl/demo-of-projects/node_modules/@tailwindcss/oxide-linux-arm64-musl
117 silly reify mark deleted [
117 silly reify   '/Users/vishumacm2/Desktop/demo-nppl/demo-of-projects/node_modules/@tailwindcss/oxide-linux-arm64-musl'
117 silly reify ]
118 verbose reify failed optional dependency /Users/vishumacm2/Desktop/demo-nppl/demo-of-projects/node_modules/@tailwindcss/oxide-linux-arm64-gnu
119 silly reify mark deleted [
119 silly reify   '/Users/vishumacm2/Desktop/demo-nppl/demo-of-projects/node_modules/@tailwindcss/oxide-linux-arm64-gnu'
119 silly reify ]
120 verbose reify failed optional dependency /Users/vishumacm2/Desktop/demo-nppl/demo-of-projects/node_modules/@tailwindcss/oxide-linux-arm-gnueabihf
121 silly reify mark deleted [
121 silly reify   '/Users/vishumacm2/Desktop/demo-nppl/demo-of-projects/node_modules/@tailwindcss/oxide-linux-arm-gnueabihf'
121 silly reify ]
122 verbose reify failed optional dependency /Users/vishumacm2/Desktop/demo-nppl/demo-of-projects/node_modules/@tailwindcss/oxide-freebsd-x64
123 silly reify mark deleted [
123 silly reify   '/Users/vishumacm2/Desktop/demo-nppl/demo-of-projects/node_modules/@tailwindcss/oxide-freebsd-x64'
123 silly reify ]
124 verbose reify failed optional dependency /Users/vishumacm2/Desktop/demo-nppl/demo-of-projects/node_modules/@tailwindcss/oxide-darwin-x64
125 silly reify mark deleted [
125 silly reify   '/Users/vishumacm2/Desktop/demo-nppl/demo-of-projects/node_modules/@tailwindcss/oxide-darwin-x64'
125 silly reify ]
126 verbose reify failed optional dependency /Users/vishumacm2/Desktop/demo-nppl/demo-of-projects/node_modules/@tailwindcss/oxide-android-arm64
127 silly reify mark deleted [
127 silly reify   '/Users/vishumacm2/Desktop/demo-nppl/demo-of-projects/node_modules/@tailwindcss/oxide-android-arm64'
127 silly reify ]
128 verbose reify failed optional dependency /Users/vishumacm2/Desktop/demo-nppl/demo-of-projects/node_modules/@next/swc-win32-x64-msvc
129 silly reify mark deleted [
129 silly reify   '/Users/vishumacm2/Desktop/demo-nppl/demo-of-projects/node_modules/@next/swc-win32-x64-msvc'
129 silly reify ]
130 verbose reify failed optional dependency /Users/vishumacm2/Desktop/demo-nppl/demo-of-projects/node_modules/@next/swc-win32-arm64-msvc
131 silly reify mark deleted [
131 silly reify   '/Users/vishumacm2/Desktop/demo-nppl/demo-of-projects/node_modules/@next/swc-win32-arm64-msvc'
131 silly reify ]
132 verbose reify failed optional dependency /Users/vishumacm2/Desktop/demo-nppl/demo-of-projects/node_modules/@next/swc-linux-x64-musl
133 silly reify mark deleted [
133 silly reify   '/Users/vishumacm2/Desktop/demo-nppl/demo-of-projects/node_modules/@next/swc-linux-x64-musl'
133 silly reify ]
134 verbose reify failed optional dependency /Users/vishumacm2/Desktop/demo-nppl/demo-of-projects/node_modules/@next/swc-linux-x64-gnu
135 silly reify mark deleted [
135 silly reify   '/Users/vishumacm2/Desktop/demo-nppl/demo-of-projects/node_modules/@next/swc-linux-x64-gnu'
135 silly reify ]
136 verbose reify failed optional dependency /Users/vishumacm2/Desktop/demo-nppl/demo-of-projects/node_modules/@next/swc-linux-arm64-musl
137 silly reify mark deleted [
137 silly reify   '/Users/vishumacm2/Desktop/demo-nppl/demo-of-projects/node_modules/@next/swc-linux-arm64-musl'
137 silly reify ]
138 verbose reify failed optional dependency /Users/vishumacm2/Desktop/demo-nppl/demo-of-projects/node_modules/@next/swc-linux-arm64-gnu
139 silly reify mark deleted [
139 silly reify   '/Users/vishumacm2/Desktop/demo-nppl/demo-of-projects/node_modules/@next/swc-linux-arm64-gnu'
139 silly reify ]
140 verbose reify failed optional dependency /Users/vishumacm2/Desktop/demo-nppl/demo-of-projects/node_modules/@next/swc-darwin-x64
141 silly reify mark deleted [
141 silly reify   '/Users/vishumacm2/Desktop/demo-nppl/demo-of-projects/node_modules/@next/swc-darwin-x64'
141 silly reify ]
142 verbose reify failed optional dependency /Users/vishumacm2/Desktop/demo-nppl/demo-of-projects/node_modules/@img/sharp-win32-x64
143 silly reify mark deleted [
143 silly reify   '/Users/vishumacm2/Desktop/demo-nppl/demo-of-projects/node_modules/@img/sharp-win32-x64'
143 silly reify ]
144 verbose reify failed optional dependency /Users/vishumacm2/Desktop/demo-nppl/demo-of-projects/node_modules/@img/sharp-win32-ia32
145 silly reify mark deleted [
145 silly reify   '/Users/vishumacm2/Desktop/demo-nppl/demo-of-projects/node_modules/@img/sharp-win32-ia32'
145 silly reify ]
146 verbose reify failed optional dependency /Users/vishumacm2/Desktop/demo-nppl/demo-of-projects/node_modules/@img/sharp-win32-arm64
147 silly reify mark deleted [
147 silly reify   '/Users/vishumacm2/Desktop/demo-nppl/demo-of-projects/node_modules/@img/sharp-win32-arm64'
147 silly reify ]
148 verbose reify failed optional dependency /Users/vishumacm2/Desktop/demo-nppl/demo-of-projects/node_modules/@img/sharp-wasm32
149 silly reify mark deleted [
149 silly reify   '/Users/vishumacm2/Desktop/demo-nppl/demo-of-projects/node_modules/@img/sharp-wasm32'
149 silly reify ]
150 verbose reify failed optional dependency /Users/vishumacm2/Desktop/demo-nppl/demo-of-projects/node_modules/@img/sharp-linuxmusl-x64
151 silly reify mark deleted [
151 silly reify   '/Users/vishumacm2/Desktop/demo-nppl/demo-of-projects/node_modules/@img/sharp-linuxmusl-x64'
151 silly reify ]
152 verbose reify failed optional dependency /Users/vishumacm2/Desktop/demo-nppl/demo-of-projects/node_modules/@img/sharp-linuxmusl-arm64
153 silly reify mark deleted [
153 silly reify   '/Users/vishumacm2/Desktop/demo-nppl/demo-of-projects/node_modules/@img/sharp-linuxmusl-arm64'
153 silly reify ]
154 verbose reify failed optional dependency /Users/vishumacm2/Desktop/demo-nppl/demo-of-projects/node_modules/@img/sharp-linux-x64
155 silly reify mark deleted [
155 silly reify   '/Users/vishumacm2/Desktop/demo-nppl/demo-of-projects/node_modules/@img/sharp-linux-x64'
155 silly reify ]
156 verbose reify failed optional dependency /Users/vishumacm2/Desktop/demo-nppl/demo-of-projects/node_modules/@img/sharp-linux-s390x
157 silly reify mark deleted [
157 silly reify   '/Users/vishumacm2/Desktop/demo-nppl/demo-of-projects/node_modules/@img/sharp-linux-s390x'
157 silly reify ]
158 verbose reify failed optional dependency /Users/vishumacm2/Desktop/demo-nppl/demo-of-projects/node_modules/@img/sharp-linux-riscv64
159 silly reify mark deleted [
159 silly reify   '/Users/vishumacm2/Desktop/demo-nppl/demo-of-projects/node_modules/@img/sharp-linux-riscv64'
159 silly reify ]
160 verbose reify failed optional dependency /Users/vishumacm2/Desktop/demo-nppl/demo-of-projects/node_modules/@img/sharp-linux-ppc64
161 silly reify mark deleted [
161 silly reify   '/Users/vishumacm2/Desktop/demo-nppl/demo-of-projects/node_modules/@img/sharp-linux-ppc64'
161 silly reify ]
162 verbose reify failed optional dependency /Users/vishumacm2/Desktop/demo-nppl/demo-of-projects/node_modules/@img/sharp-linux-arm64
163 silly reify mark deleted [
163 silly reify   '/Users/vishumacm2/Desktop/demo-nppl/demo-of-projects/node_modules/@img/sharp-linux-arm64'
163 silly reify ]
164 verbose reify failed optional dependency /Users/vishumacm2/Desktop/demo-nppl/demo-of-projects/node_modules/@img/sharp-linux-arm
165 silly reify mark deleted [
165 silly reify   '/Users/vishumacm2/Desktop/demo-nppl/demo-of-projects/node_modules/@img/sharp-linux-arm'
165 silly reify ]
166 verbose reify failed optional dependency /Users/vishumacm2/Desktop/demo-nppl/demo-of-projects/node_modules/@img/sharp-libvips-linuxmusl-x64
167 silly reify mark deleted [
167 silly reify   '/Users/vishumacm2/Desktop/demo-nppl/demo-of-projects/node_modules/@img/sharp-libvips-linuxmusl-x64'
167 silly reify ]
168 verbose reify failed optional dependency /Users/vishumacm2/Desktop/demo-nppl/demo-of-projects/node_modules/@img/sharp-libvips-linuxmusl-arm64
169 silly reify mark deleted [
169 silly reify   '/Users/vishumacm2/Desktop/demo-nppl/demo-of-projects/node_modules/@img/sharp-libvips-linuxmusl-arm64'
169 silly reify ]
170 verbose reify failed optional dependency /Users/vishumacm2/Desktop/demo-nppl/demo-of-projects/node_modules/@img/sharp-libvips-linux-x64
171 silly reify mark deleted [
171 silly reify   '/Users/vishumacm2/Desktop/demo-nppl/demo-of-projects/node_modules/@img/sharp-libvips-linux-x64'
171 silly reify ]
172 verbose reify failed optional dependency /Users/vishumacm2/Desktop/demo-nppl/demo-of-projects/node_modules/@img/sharp-libvips-linux-s390x
173 silly reify mark deleted [
173 silly reify   '/Users/vishumacm2/Desktop/demo-nppl/demo-of-projects/node_modules/@img/sharp-libvips-linux-s390x'
173 silly reify ]
174 verbose reify failed optional dependency /Users/vishumacm2/Desktop/demo-nppl/demo-of-projects/node_modules/@img/sharp-libvips-linux-riscv64
175 silly reify mark deleted [
175 silly reify   '/Users/vishumacm2/Desktop/demo-nppl/demo-of-projects/node_modules/@img/sharp-libvips-linux-riscv64'
175 silly reify ]
176 verbose reify failed optional dependency /Users/vishumacm2/Desktop/demo-nppl/demo-of-projects/node_modules/@img/sharp-libvips-linux-ppc64
177 silly reify mark deleted [
177 silly reify   '/Users/vishumacm2/Desktop/demo-nppl/demo-of-projects/node_modules/@img/sharp-libvips-linux-ppc64'
177 silly reify ]
178 verbose reify failed optional dependency /Users/vishumacm2/Desktop/demo-nppl/demo-of-projects/node_modules/@img/sharp-libvips-linux-arm64
179 silly reify mark deleted [
179 silly reify   '/Users/vishumacm2/Desktop/demo-nppl/demo-of-projects/node_modules/@img/sharp-libvips-linux-arm64'
179 silly reify ]
180 verbose reify failed optional dependency /Users/vishumacm2/Desktop/demo-nppl/demo-of-projects/node_modules/@img/sharp-libvips-linux-arm
181 silly reify mark deleted [
181 silly reify   '/Users/vishumacm2/Desktop/demo-nppl/demo-of-projects/node_modules/@img/sharp-libvips-linux-arm'
181 silly reify ]
182 verbose reify failed optional dependency /Users/vishumacm2/Desktop/demo-nppl/demo-of-projects/node_modules/@img/sharp-libvips-darwin-x64
183 silly reify mark deleted [
183 silly reify   '/Users/vishumacm2/Desktop/demo-nppl/demo-of-projects/node_modules/@img/sharp-libvips-darwin-x64'
183 silly reify ]
184 verbose reify failed optional dependency /Users/vishumacm2/Desktop/demo-nppl/demo-of-projects/node_modules/@img/sharp-darwin-x64
185 silly reify mark deleted [
185 silly reify   '/Users/vishumacm2/Desktop/demo-nppl/demo-of-projects/node_modules/@img/sharp-darwin-x64'
185 silly reify ]
186 http cache @calcom/embed-core@https://registry.npmjs.org/@calcom/embed-core/-/embed-core-1.5.3.tgz 0ms (cache hit)
187 http cache @calcom/embed-react@https://registry.npmjs.org/@calcom/embed-react/-/embed-react-1.5.3.tgz 0ms (cache hit)
188 http cache @calcom/embed-snippet@https://registry.npmjs.org/@calcom/embed-snippet/-/embed-snippet-1.3.3.tgz 0ms (cache hit)
189 http cache @emnapi/runtime@https://registry.npmjs.org/@emnapi/runtime/-/runtime-1.10.0.tgz 0ms (cache hit)
190 silly tarball no local data for @calcom/embed-core@https://registry.npmjs.org/@calcom/embed-core/-/embed-core-1.5.3.tgz. Extracting by manifest.
191 silly tarball no local data for @calcom/embed-react@https://registry.npmjs.org/@calcom/embed-react/-/embed-react-1.5.3.tgz. Extracting by manifest.
192 silly tarball no local data for @calcom/embed-snippet@https://registry.npmjs.org/@calcom/embed-snippet/-/embed-snippet-1.3.3.tgz. Extracting by manifest.
193 silly tarball no local data for @emnapi/runtime@https://registry.npmjs.org/@emnapi/runtime/-/runtime-1.10.0.tgz. Extracting by manifest.
194 http fetch GET 200 https://registry.npmjs.org/@calcom/embed-core/-/embed-core-1.5.3.tgz 63ms (cache miss)
195 http fetch GET 200 https://registry.npmjs.org/@calcom/embed-snippet/-/embed-snippet-1.3.3.tgz 117ms (cache miss)
196 http fetch GET 200 https://registry.npmjs.org/@calcom/embed-react/-/embed-react-1.5.3.tgz 125ms (cache miss)
197 http fetch GET 200 https://registry.npmjs.org/@emnapi/runtime/-/runtime-1.10.0.tgz 150ms (cache miss)
198 http fetch POST 200 https://registry.npmjs.org/-/npm/v1/security/advisories/bulk 314ms
199 silly audit report {
199 silly audit report   postcss: [
199 silly audit report     {
199 silly audit report       id: 1117015,
199 silly audit report       url: 'https://github.com/advisories/GHSA-qx2v-qp2m-jg93',
199 silly audit report       title: 'PostCSS has XSS via Unescaped </style> in its CSS Stringify Output',
199 silly audit report       severity: 'moderate',
199 silly audit report       vulnerable_versions: '<8.5.10',
199 silly audit report       cwe: [Array],
199 silly audit report       cvss: [Object]
199 silly audit report     }
199 silly audit report   ]
199 silly audit report }
200 silly packumentCache corgi:https://registry.npmjs.org/postcss cache-miss
201 http fetch GET 200 https://registry.npmjs.org/postcss 68ms (cache miss)
202 silly packumentCache corgi:https://registry.npmjs.org/postcss set size:undefined disposed:false
203 silly packumentCache corgi:https://registry.npmjs.org/next cache-miss
204 http fetch GET 200 https://registry.npmjs.org/next 605ms (cache miss)
205 silly packumentCache corgi:https://registry.npmjs.org/next set size:undefined disposed:false
206 silly packumentCache corgi:https://registry.npmjs.org/@vercel%2fanalytics cache-miss
207 http fetch GET 200 https://registry.npmjs.org/@vercel%2fanalytics 262ms (cache miss)
208 silly packumentCache corgi:https://registry.npmjs.org/@vercel%2fanalytics set size:undefined disposed:false
209 silly ADD node_modules/@calcom/embed-snippet
210 silly ADD node_modules/@calcom/embed-core
211 silly ADD node_modules/@calcom/embed-react
212 silly ADD
213 silly ADD
214 silly ADD
215 silly ADD
216 silly ADD
217 silly ADD
218 silly ADD
219 silly ADD
220 silly ADD
221 silly ADD
222 silly ADD
223 silly ADD
224 silly ADD
225 silly ADD
226 silly ADD node_modules/@emnapi/runtime
227 silly ADD
228 silly ADD
229 silly ADD
230 silly ADD
231 silly ADD
232 silly ADD
233 silly ADD
234 silly ADD
235 silly ADD
236 silly ADD
237 silly ADD
238 silly ADD
239 silly ADD
240 silly ADD
241 silly ADD
242 silly ADD
243 silly ADD
244 silly ADD
245 silly ADD
246 silly ADD
247 silly ADD
248 silly ADD
249 silly ADD
250 silly ADD
251 silly ADD
252 silly ADD
253 silly ADD
254 silly ADD
255 silly ADD
256 silly ADD
257 silly ADD
258 silly ADD
259 silly ADD
260 silly ADD
261 silly ADD
262 silly ADD
263 silly ADD
264 silly ADD
265 silly ADD
266 silly ADD
267 silly ADD
268 silly ADD
269 silly ADD
270 silly ADD
271 silly ADD
272 silly ADD
273 silly ADD
274 silly ADD
275 silly ADD
276 silly ADD
277 silly ADD
278 silly ADD
279 silly ADD
280 silly ADD
281 silly ADD
282 silly ADD
283 silly ADD
284 verbose cwd /Users/vishumacm2/Desktop/demo-nppl/demo-of-projects
285 verbose os Darwin 25.2.0
286 verbose node v22.12.0
287 verbose npm  v11.0.0
288 notice
288 notice New minor version of npm available! 11.0.0 -> 11.17.0
288 notice Changelog: https://github.com/npm/cli/releases/tag/v11.17.0
288 notice To update run: npm install -g npm@11.17.0
288 notice  { force: true, [Symbol(proc-log.meta)]: true }
289 verbose exit 0
290 info ok
